<?xml version="1.0" encoding="UTF-8" ?>
<testsuite errors="0" failures="0" hostname="macbook-air.mobile.asu.edu" name="banking.primitive.core.AccountServerTest" tests="5" time="0.074" timestamp="2013-02-13T21:44:56">
  <properties>
    <property name="java.vendor" value="Oracle Corporation" />
    <property name="sun.java.launcher" value="SUN_STANDARD" />
    <property name="sun.management.compiler" value="HotSpot 64-Bit Tiered Compilers" />
    <property name="os.name" value="Mac OS X" />
    <property name="ant.file.CST316JUnitLab" value="/Users/bliu/Lab1Lab2/build.xml" />
    <property name="sun.boot.class.path" value="/Library/Java/JavaVirtualMachines/jdk1.7.0_11.jdk/Contents/Home/jre/lib/resources.jar:/Library/Java/JavaVirtualMachines/jdk1.7.0_11.jdk/Contents/Home/jre/lib/rt.jar:/Library/Java/JavaVirtualMachines/jdk1.7.0_11.jdk/Contents/Home/jre/lib/sunrsasign.jar:/Library/Java/JavaVirtualMachines/jdk1.7.0_11.jdk/Contents/Home/jre/lib/jsse.jar:/Library/Java/JavaVirtualMachines/jdk1.7.0_11.jdk/Contents/Home/jre/lib/jce.jar:/Library/Java/JavaVirtualMachines/jdk1.7.0_11.jdk/Contents/Home/jre/lib/charsets.jar:/Library/Java/JavaVirtualMachines/jdk1.7.0_11.jdk/Contents/Home/jre/lib/jfr.jar:/Library/Java/JavaVirtualMachines/jdk1.7.0_11.jdk/Contents/Home/jre/lib/JObjC.jar:/Library/Java/JavaVirtualMachines/jdk1.7.0_11.jdk/Contents/Home/jre/classes" />
    <property name="TODAY" value="February 13 2013" />
    <property name="ant.file.type.CST316JUnitLab" value="file" />
    <property name="java.vm.specification.vendor" value="Oracle Corporation" />
    <property name="ant.home" value="/Users/bliu/Desktop/eclipse/plugins/org.apache.ant_1.8.3.v20120321-1730" />
    <property name="java.runtime.version" value="1.7.0_11-b21" />
    <property name="user.name" value="bliu" />
    <property name="user.language" value="en" />
    <property name="build" value="build" />
    <property name="sun.boot.library.path" value="/Library/Java/JavaVirtualMachines/jdk1.7.0_11.jdk/Contents/Home/jre/lib" />
    <property name="ant.project.default-target" value="build" />
    <property name="junit4.jar" value="jars/junit-4.10.jar" />
    <property name="ant.project.name" value="CST316JUnitLab" />
    <property name="DSTAMP" value="20130213" />
    <property name="java.version" value="1.7.0_11" />
    <property name="user.timezone" value="" />
    <property name="sun.arch.data.model" value="64" />
    <property name="http.nonProxyHosts" value="local|*.local|169.254/16|*.169.254/16" />
    <property name="java.endorsed.dirs" value="/Library/Java/JavaVirtualMachines/jdk1.7.0_11.jdk/Contents/Home/jre/lib/endorsed" />
    <property name="jar" value="Lab1JUnit.jar" />
    <property name="sun.cpu.isalist" value="" />
    <property name="sun.jnu.encoding" value="US-ASCII" />
    <property name="file.encoding.pkg" value="sun.io" />
    <property name="file.separator" value="/" />
    <property name="java.specification.name" value="Java Platform API Specification" />
    <property name="java.class.version" value="51.0" />
    <property name="src" value="src" />
    <property name="user.country" value="US" />
    <property name="build.junitreport.dir" value="build/junitreport" />
    <property name="java.home" value="/Library/Java/JavaVirtualMachines/jdk1.7.0_11.jdk/Contents/Home/jre" />
    <property name="java.vm.info" value="mixed mode" />
    <property name="ant.file" value="/Users/bliu/Lab1Lab2/build.xml" />
    <property name="os.version" value="10.8.2" />
    <property name="path.separator" value=":" />
    <property name="java.vm.version" value="23.6-b04" />
    <property name="ant.library.dir" value="/Users/bliu/Desktop/eclipse/plugins/org.apache.ant_1.8.3.v20120321-1730/lib" />
    <property name="java.awt.printerjob" value="sun.lwawt.macosx.CPrinterJob" />
    <property name="sun.io.unicode.encoding" value="UnicodeBig" />
    <property name="awt.toolkit" value="sun.lwawt.macosx.LWCToolkit" />
    <property name="socksNonProxyHosts" value="local|*.local|169.254/16|*.169.254/16" />
    <property name="ftp.nonProxyHosts" value="local|*.local|169.254/16|*.169.254/16" />
    <property name="user.home" value="/Users/bliu" />
    <property name="java.specification.vendor" value="Oracle Corporation" />
    <property name="java.library.path" value="/Users/bliu/Library/Java/Extensions:/Library/Java/Extensions:/Network/Library/Java/Extensions:/System/Library/Java/Extensions:/usr/lib/java:." />
    <property name="java.vendor.url" value="http://java.oracle.com/" />
    <property name="jars" value="jars" />
    <property name="java.vm.vendor" value="Oracle Corporation" />
    <property name="gopherProxySet" value="false" />
    <property name="java.runtime.name" value="Java(TM) SE Runtime Environment" />
    <property name="sun.java.command" value="org.apache.tools.ant.taskdefs.optional.junit.JUnitTestRunner banking.primitive.core.AccountServerTest filtertrace=true haltOnError=false haltOnFailure=true formatter=org.apache.tools.ant.taskdefs.optional.junit.OutErrSummaryJUnitResultFormatter showoutput=false outputtoformatters=true logfailedtests=true logtestlistenerevents=false formatter=org.apache.tools.ant.taskdefs.optional.junit.XMLJUnitResultFormatter,/Users/bliu/Lab1Lab2/build/junitreport/TEST-banking.primitive.core.AccountServerTest.xml crashfile=/Users/bliu/Lab1Lab2/junitvmwatcher5779917379616389976.properties propsfile=/Users/bliu/Lab1Lab2/junit8685472836610667960.properties" />
    <property name="java.class.path" value="/Users/bliu/Lab1Lab2/build/classes:/Users/bliu/Lab1Lab2/jars/junit-4.10.jar:/Users/bliu/Desktop/eclipse/plugins/org.apache.ant_1.8.3.v20120321-1730/lib/ant-launcher.jar:/Users/bliu/Desktop/eclipse/plugins/org.apache.ant_1.8.3.v20120321-1730/lib/ant.jar:/Users/bliu/Desktop/eclipse/plugins/org.apache.ant_1.8.3.v20120321-1730/lib/ant-junit.jar:/Users/bliu/Desktop/eclipse/plugins/org.apache.ant_1.8.3.v20120321-1730/lib/ant-junit4.jar" />
    <property name="ant.version" value="Apache Ant(TM) version 1.8.3 compiled on February 26 2012" />
    <property name="given" value="../lab1given.jar" />
    <property name="TSTAMP" value="1444" />
    <property name="java.vm.specification.name" value="Java Virtual Machine Specification" />
    <property name="java.vm.specification.version" value="1.7" />
    <property name="sun.cpu.endian" value="little" />
    <property name="sun.os.patch.level" value="unknown" />
    <property name="java.io.tmpdir" value="/var/folders/6d/nyh0tdss0zgbchdjn8lq9str0000gn/T/" />
    <property name="java.vendor.url.bug" value="http://bugreport.sun.com/bugreport/" />
    <property name="os.arch" value="x86_64" />
    <property name="java.awt.graphicsenv" value="sun.awt.CGraphicsEnvironment" />
    <property name="java.ext.dirs" value="/Users/bliu/Library/Java/Extensions:/Library/Java/JavaVirtualMachines/jdk1.7.0_11.jdk/Contents/Home/jre/lib/ext:/Library/Java/Extensions:/Network/Library/Java/Extensions:/System/Library/Java/Extensions:/usr/lib/java" />
    <property name="user.dir" value="/Users/bliu/Lab1Lab2" />
    <property name="line.separator" value="&#xa;" />
    <property name="java.vm.name" value="Java HotSpot(TM) 64-Bit Server VM" />
    <property name="basedir" value="/Users/bliu/Lab1Lab2" />
    <property name="ant.java.version" value="1.7" />
    <property name="ant.core.lib" value="/Users/bliu/Desktop/eclipse/plugins/org.apache.ant_1.8.3.v20120321-1730/lib/ant.jar" />
    <property name="file.encoding" value="US-ASCII" />
    <property name="java.specification.version" value="1.7" />
    <property name="ant.project.invoked-targets" value="junit" />
  </properties>
  <testcase classname="banking.primitive.core.AccountServerTest" name="testNewAccountType" time="0.002" />
  <testcase classname="banking.primitive.core.AccountServerTest" name="testNewAccountBalance" time="0.0" />
  <testcase classname="banking.primitive.core.AccountServerTest" name="testNewAccountDuplicate" time="0.0" />
  <testcase classname="banking.primitive.core.AccountServerTest" name="testNewAccount" time="0.0" />
  <testcase classname="banking.primitive.core.AccountServerTest" name="testGetAccount" time="0.0" />
  <system-out><![CDATA[Reading from file accounts.ser...
]]></system-out>
  <system-err><![CDATA[]]></system-err>
</testsuite>
